[2020-03-09 17:55:32,907]    Found advertise count: 12471
[2020-03-09 17:55:32,907]  ======================= NEW RUN =======================
[2020-03-09 17:55:32,907]    Pages count: 624
[2020-03-09 17:55:59,304]    Found advertise count: 12471
[2020-03-09 17:55:59,305]  ======================= NEW RUN =======================
[2020-03-09 17:55:59,305]    Pages count: 624
[2020-03-09 17:56:15,301]    Page number: 61
[2020-03-09 17:56:17,335]    Inserted object_number: 3149057628
[2020-03-09 17:56:20,346]    Inserted object_number: 3174973020
[2020-03-09 17:56:23,477]    Inserted object_number: 3824369244
[2020-03-09 17:56:26,658]    Inserted object_number: 871579228
[2020-03-09 17:56:29,513]    Inserted object_number: 2213756508
[2020-03-09 17:56:32,923]    Inserted object_number: 731307612
[2020-03-09 17:56:34,758]    Inserted object_number: 3723705948
[2020-03-09 17:56:36,628]    Inserted object_number: 57855580
[2020-03-09 17:56:38,378]    Inserted object_number: 2164584028
[2020-03-09 17:56:40,912]    Inserted object_number: 1402338908
[2020-03-09 17:56:42,347]    Inserted object_number: 2019180124
[2020-03-09 17:56:44,352]    Inserted object_number: 49495644
[2020-03-09 17:56:47,163]    Inserted object_number: 2186100316
[2020-03-09 17:56:49,877]    Inserted object_number: 1660108380
[2020-03-09 17:56:52,461]    Inserted object_number: 4076027484
[2020-03-09 17:56:55,425]    Inserted object_number: 1130053212
[2020-03-09 17:56:57,819]    Inserted object_number: 854802012
[2020-03-09 17:56:59,114]    Inserted object_number: 3505602140
[2020-03-09 17:57:01,765]    Inserted object_number: 821247580
[2020-03-09 17:57:05,061]    Inserted object_number: 317931100
[2020-03-09 17:57:21,722]    Page number: 62
[2020-03-09 17:57:23,165]    Inserted object_number: 2601700956
[2020-03-09 17:57:24,841]    Inserted object_number: 257744476
[2020-03-09 17:57:26,729]    Inserted object_number: 3237166684
[2020-03-09 17:57:27,250]    Object with number 586956380 - SKIPPED
[2020-03-09 17:57:28,603]    Inserted object_number: 2201828956
[2020-03-09 17:57:30,693]    Inserted object_number: 2196520540
[2020-03-09 17:57:32,043]    Inserted object_number: 180174428
[2020-03-09 17:57:36,138]    Inserted object_number: 52248156
[2020-03-09 17:57:37,753]    Inserted object_number: 295489116
[2020-03-09 17:57:40,382]    Inserted object_number: 2835471964
[2020-03-09 17:57:41,747]    Inserted object_number: 1270140508
[2020-03-09 17:57:43,423]    Inserted object_number: 97074780
[2020-03-09 17:57:44,699]    Inserted object_number: 101400156
[2020-03-09 17:57:46,211]    Inserted object_number: 1820999260
[2020-03-09 17:57:47,545]    Inserted object_number: 454282844
[2020-03-09 17:57:50,258]    Inserted object_number: 3308863068
[2020-03-09 17:57:51,532]    Inserted object_number: 1976749660
[2020-03-09 17:57:54,206]    Inserted object_number: 4012297820
[2020-03-09 17:57:55,706]    Inserted object_number: 2161495644
[2020-03-09 17:58:00,006]    Inserted object_number: 910085724
[2020-03-09 17:58:17,354]    Page number: 63
[2020-03-09 17:58:19,389]    Inserted object_number: 3744591452
[2020-03-09 17:58:21,388]    Inserted object_number: 1915874908
[2020-03-09 17:58:22,720]    Inserted object_number: 3908882012
[2020-03-09 17:58:24,723]    Inserted object_number: 2083647068
[2020-03-09 17:58:25,327]    Object with number 3882716764 - SKIPPED
[2020-03-09 17:58:27,769]    Inserted object_number: 882757212
