[2020-03-07 11:57:09,007]    Found advertise count: 12419
[2020-03-07 11:57:09,008]  ======================= NEW RUN =======================
[2020-03-07 11:57:09,008]    Pages count: 621
[2020-03-07 11:57:09,046]  <class 'Exception'>
[2020-03-07 13:08:08,877]    Found advertise count: 12420
[2020-03-07 13:08:08,877]  ======================= NEW RUN =======================
[2020-03-07 13:08:10,290]    Pages count: 622
[2020-03-07 13:09:31,382]    Found advertise count: 12420
[2020-03-07 13:09:31,383]  ======================= NEW RUN =======================
[2020-03-07 13:09:32,266]    Pages count: 622
[2020-03-07 13:11:24,243]    Found advertise count: 12420
[2020-03-07 13:11:24,244]  ======================= NEW RUN =======================
[2020-03-07 13:11:25,525]    Pages count: 622
[2020-03-07 13:13:07,410]    Found advertise count: 12420
[2020-03-07 13:13:07,411]  ======================= NEW RUN =======================
[2020-03-07 13:13:10,553]    Pages count: 622
[2020-03-07 13:17:21,820]    Found advertise count: 12420
[2020-03-07 13:17:21,821]  ======================= NEW RUN =======================
[2020-03-07 13:17:21,821]    Pages count: 622
[2020-03-07 13:17:33,667]    Found advertise count: 12420
[2020-03-07 13:17:33,667]  ======================= NEW RUN =======================
[2020-03-07 13:17:33,668]    Pages count: 622
[2020-03-07 13:17:38,416]    Page number: 1
[2020-03-07 13:17:40,398]    Inserted object_number: 3979857500
[2020-03-07 13:17:42,031]    Inserted object_number: 773770844
[2020-03-07 13:17:44,074]    Inserted object_number: 74268252
[2020-03-07 17:57:22,466]    Found advertise count: 12436
[2020-03-07 17:57:22,467]  ======================= NEW RUN =======================
[2020-03-07 17:57:22,467]    Pages count: 622
[2020-03-07 17:57:31,219]    Page number: 1
[2020-03-07 17:57:32,076]    Object with number 1593000284 - SKIPPED
[2020-03-07 17:59:39,801]    Found advertise count: 12436
[2020-03-07 17:59:39,802]  ======================= NEW RUN =======================
[2020-03-07 17:59:39,802]    Pages count: 622
[2020-03-07 17:59:47,425]    Page number: 1
[2020-03-07 17:59:48,104]    Object with number 1593000284 - SKIPPED
[2020-03-07 18:06:39,076]    Found advertise count: 12436
[2020-03-07 18:06:39,077]  ======================= NEW RUN =======================
[2020-03-07 18:06:39,078]    Pages count: 622
[2020-03-07 18:06:49,797]    Page number: 1
[2020-03-07 18:12:08,092]    Found advertise count: 12437
[2020-03-07 18:12:08,093]  ======================= NEW RUN =======================
[2020-03-07 18:12:08,093]    Pages count: 622
[2020-03-07 18:12:13,730]    Page number: 1
[2020-03-07 18:15:19,974]    Found advertise count: 12437
[2020-03-07 18:15:19,974]  ======================= NEW RUN =======================
[2020-03-07 18:15:19,975]    Pages count: 622
[2020-03-07 18:15:24,874]    Page number: 1
[2020-03-07 18:16:43,079]    Found advertise count: 12437
[2020-03-07 18:16:43,080]  ======================= NEW RUN =======================
[2020-03-07 18:16:43,081]    Pages count: 622
[2020-03-07 18:16:48,680]    Page number: 1
[2020-03-07 18:16:51,208]    Object with number 2050412124 - SKIPPED
[2020-03-07 18:18:20,018]    Found advertise count: 12436
[2020-03-07 18:18:20,018]  ======================= NEW RUN =======================
[2020-03-07 18:18:20,018]    Pages count: 622
[2020-03-07 18:18:24,472]    Page number: 1
[2020-03-07 18:18:25,060]    Object with number 2050412124 - SKIPPED
[2020-03-07 18:18:25,745]    Object with number 1948765788 - SKIPPED
[2020-03-07 18:19:42,817]    Found advertise count: 12436
[2020-03-07 18:19:42,887]  ======================= NEW RUN =======================
[2020-03-07 18:19:42,887]    Pages count: 622
[2020-03-07 18:19:48,100]    Page number: 1
[2020-03-07 18:19:48,719]    Object with number 2050412124 - SKIPPED
[2020-03-07 18:19:49,323]    Object with number 1948765788 - SKIPPED
[2020-03-07 18:23:19,567]    Found advertise count: 12436
[2020-03-07 18:23:19,568]  ======================= NEW RUN =======================
[2020-03-07 18:23:19,568]    Pages count: 622
[2020-03-07 18:23:24,824]    Page number: 1
[2020-03-07 18:24:27,990]    Found advertise count: 12436
[2020-03-07 18:24:27,991]  ======================= NEW RUN =======================
[2020-03-07 18:24:27,991]    Pages count: 622
[2020-03-07 18:24:33,153]    Page number: 1
[2020-03-07 18:25:47,129]    Found advertise count: 12436
[2020-03-07 18:25:47,130]  ======================= NEW RUN =======================
[2020-03-07 18:25:47,130]    Pages count: 622
[2020-03-07 18:25:51,664]    Page number: 1
[2020-03-07 18:28:35,928]    Found advertise count: 12436
[2020-03-07 18:28:35,928]  ======================= NEW RUN =======================
[2020-03-07 18:28:35,929]    Pages count: 622
[2020-03-07 18:28:41,167]    Page number: 1
[2020-03-07 18:28:44,206]    Inserted object_number: 3271478876
[2020-03-07 18:28:47,379]    Inserted object_number: 586956380
[2020-03-07 18:28:48,107]    Object with number 316882524 - SKIPPED
[2020-03-07 18:28:48,908]    Object with number 2050412124 - SKIPPED
[2020-03-07 18:28:49,549]    Object with number 1948765788 - SKIPPED
[2020-03-07 18:28:51,265]    Inserted object_number: 2338049628
[2020-03-07 18:28:52,853]    Inserted object_number: 389758556
[2020-03-07 23:51:54,888]    Found advertise count: 12444
[2020-03-07 23:51:54,889]  ======================= NEW RUN =======================
[2020-03-07 23:51:54,890]    Pages count: 623
[2020-03-07 23:56:53,993]    Found advertise count: 12444
[2020-03-07 23:56:53,994]  ======================= NEW RUN =======================
[2020-03-07 23:56:53,994]    Pages count: 623
